{"/Users/forrestreiland/Desktop/javascript/galactic-age/src/js/blscripts.js": {"path":"/Users/forrestreiland/Desktop/javascript/galactic-age/src/js/blscripts.js","statementMap":{"0":{"start":{"line":3,"column":4},"end":{"line":3,"column":19}},"1":{"start":{"line":4,"column":4},"end":{"line":4,"column":21}},"2":{"start":{"line":8,"column":15},"end":{"line":8,"column":27}},"3":{"start":{"line":9,"column":4},"end":{"line":9,"column":27}},"4":{"start":{"line":14,"column":15},"end":{"line":14,"column":27}},"5":{"start":{"line":15,"column":4},"end":{"line":15,"column":27}},"6":{"start":{"line":20,"column":15},"end":{"line":20,"column":28}},"7":{"start":{"line":21,"column":4},"end":{"line":21,"column":27}},"8":{"start":{"line":26,"column":15},"end":{"line":26,"column":29}},"9":{"start":{"line":27,"column":4},"end":{"line":27,"column":27}},"10":{"start":{"line":32,"column":14},"end":{"line":32,"column":22}},"11":{"start":{"line":33,"column":21},"end":{"line":33,"column":42}},"12":{"start":{"line":34,"column":17},"end":{"line":34,"column":33}},"13":{"start":{"line":35,"column":4},"end":{"line":38,"column":5}},"14":{"start":{"line":36,"column":19},"end":{"line":36,"column":45}},"15":{"start":{"line":37,"column":6},"end":{"line":37,"column":20}},"16":{"start":{"line":40,"column":4},"end":{"line":40,"column":30}},"17":{"start":{"line":44,"column":15},"end":{"line":44,"column":27}},"18":{"start":{"line":45,"column":21},"end":{"line":45,"column":45}},"19":{"start":{"line":46,"column":17},"end":{"line":46,"column":33}},"20":{"start":{"line":47,"column":4},"end":{"line":49,"column":21}},"21":{"start":{"line":48,"column":19},"end":{"line":48,"column":45}},"22":{"start":{"line":49,"column":6},"end":{"line":49,"column":20}},"23":{"start":{"line":51,"column":4},"end":{"line":51,"column":30}},"24":{"start":{"line":55,"column":15},"end":{"line":55,"column":27}},"25":{"start":{"line":56,"column":21},"end":{"line":56,"column":43}},"26":{"start":{"line":57,"column":17},"end":{"line":57,"column":33}},"27":{"start":{"line":58,"column":4},"end":{"line":60,"column":21}},"28":{"start":{"line":59,"column":19},"end":{"line":59,"column":45}},"29":{"start":{"line":60,"column":6},"end":{"line":60,"column":20}},"30":{"start":{"line":62,"column":4},"end":{"line":62,"column":30}},"31":{"start":{"line":66,"column":15},"end":{"line":66,"column":28}},"32":{"start":{"line":67,"column":21},"end":{"line":67,"column":42}},"33":{"start":{"line":68,"column":17},"end":{"line":68,"column":33}},"34":{"start":{"line":69,"column":4},"end":{"line":71,"column":21}},"35":{"start":{"line":70,"column":19},"end":{"line":70,"column":45}},"36":{"start":{"line":71,"column":6},"end":{"line":71,"column":20}},"37":{"start":{"line":73,"column":4},"end":{"line":73,"column":30}},"38":{"start":{"line":77,"column":15},"end":{"line":77,"column":29}},"39":{"start":{"line":78,"column":21},"end":{"line":78,"column":45}},"40":{"start":{"line":79,"column":17},"end":{"line":79,"column":33}},"41":{"start":{"line":80,"column":4},"end":{"line":82,"column":21}},"42":{"start":{"line":81,"column":19},"end":{"line":81,"column":45}},"43":{"start":{"line":82,"column":6},"end":{"line":82,"column":20}},"44":{"start":{"line":84,"column":4},"end":{"line":84,"column":30}},"45":{"start":{"line":93,"column":24},"end":{"line":99,"column":1}},"46":{"start":{"line":101,"column":27},"end":{"line":107,"column":1}},"47":{"start":{"line":109,"column":25},"end":{"line":115,"column":1}},"48":{"start":{"line":117,"column":24},"end":{"line":123,"column":1}},"49":{"start":{"line":125,"column":27},"end":{"line":131,"column":1}}},"fnMap":{"0":{"name":"(anonymous_0)","decl":{"start":{"line":2,"column":2},"end":{"line":2,"column":3}},"loc":{"start":{"line":2,"column":25},"end":{"line":5,"column":3}},"line":2},"1":{"name":"(anonymous_1)","decl":{"start":{"line":7,"column":2},"end":{"line":7,"column":3}},"loc":{"start":{"line":7,"column":17},"end":{"line":11,"column":3}},"line":7},"2":{"name":"(anonymous_2)","decl":{"start":{"line":13,"column":2},"end":{"line":13,"column":3}},"loc":{"start":{"line":13,"column":15},"end":{"line":17,"column":3}},"line":13},"3":{"name":"(anonymous_3)","decl":{"start":{"line":19,"column":2},"end":{"line":19,"column":3}},"loc":{"start":{"line":19,"column":14},"end":{"line":23,"column":3}},"line":19},"4":{"name":"(anonymous_4)","decl":{"start":{"line":25,"column":2},"end":{"line":25,"column":3}},"loc":{"start":{"line":25,"column":17},"end":{"line":29,"column":3}},"line":25},"5":{"name":"(anonymous_5)","decl":{"start":{"line":31,"column":2},"end":{"line":31,"column":3}},"loc":{"start":{"line":31,"column":17},"end":{"line":41,"column":3}},"line":31},"6":{"name":"(anonymous_6)","decl":{"start":{"line":43,"column":2},"end":{"line":43,"column":3}},"loc":{"start":{"line":43,"column":19},"end":{"line":52,"column":3}},"line":43},"7":{"name":"(anonymous_7)","decl":{"start":{"line":54,"column":2},"end":{"line":54,"column":3}},"loc":{"start":{"line":54,"column":17},"end":{"line":63,"column":3}},"line":54},"8":{"name":"(anonymous_8)","decl":{"start":{"line":65,"column":2},"end":{"line":65,"column":3}},"loc":{"start":{"line":65,"column":16},"end":{"line":74,"column":3}},"line":65},"9":{"name":"(anonymous_9)","decl":{"start":{"line":76,"column":2},"end":{"line":76,"column":3}},"loc":{"start":{"line":76,"column":19},"end":{"line":85,"column":3}},"line":76}},"branchMap":{"0":{"loc":{"start":{"line":35,"column":4},"end":{"line":38,"column":5}},"type":"if","locations":[{"start":{"line":35,"column":4},"end":{"line":38,"column":5}},{"start":{"line":35,"column":4},"end":{"line":38,"column":5}}],"line":35},"1":{"loc":{"start":{"line":47,"column":4},"end":{"line":49,"column":21}},"type":"if","locations":[{"start":{"line":47,"column":4},"end":{"line":49,"column":21}},{"start":{"line":47,"column":4},"end":{"line":49,"column":21}}],"line":47},"2":{"loc":{"start":{"line":58,"column":4},"end":{"line":60,"column":21}},"type":"if","locations":[{"start":{"line":58,"column":4},"end":{"line":60,"column":21}},{"start":{"line":58,"column":4},"end":{"line":60,"column":21}}],"line":58},"3":{"loc":{"start":{"line":69,"column":4},"end":{"line":71,"column":21}},"type":"if","locations":[{"start":{"line":69,"column":4},"end":{"line":71,"column":21}},{"start":{"line":69,"column":4},"end":{"line":71,"column":21}}],"line":69},"4":{"loc":{"start":{"line":80,"column":4},"end":{"line":82,"column":21}},"type":"if","locations":[{"start":{"line":80,"column":4},"end":{"line":82,"column":21}},{"start":{"line":80,"column":4},"end":{"line":82,"column":21}}],"line":80}},"s":{"0":17,"1":17,"2":1,"3":1,"4":1,"5":1,"6":1,"7":1,"8":1,"9":1,"10":2,"11":2,"12":2,"13":2,"14":1,"15":1,"16":1,"17":2,"18":2,"19":2,"20":2,"21":1,"22":1,"23":1,"24":2,"25":2,"26":2,"27":2,"28":1,"29":1,"30":1,"31":2,"32":2,"33":2,"34":2,"35":1,"36":1,"37":1,"38":2,"39":2,"40":2,"41":2,"42":1,"43":1,"44":1,"45":2,"46":2,"47":2,"48":2,"49":2},"f":{"0":17,"1":1,"2":1,"3":1,"4":1,"5":2,"6":2,"7":2,"8":2,"9":2},"b":{"0":[1,1],"1":[1,1],"2":[1,1],"3":[1,1],"4":[1,1]},"_coverageSchema":"43e27e138ebf9cfc5966b082cf9a028302ed4184","hash":"547a046abcf8b2a0a24235978c34e5b3d6dd46a1"}
}
