TN:
SF:/Users/forrestreiland/Desktop/javascript/galactic-age/src/js/blscripts.js
FN:2,(anonymous_0)
FN:7,(anonymous_1)
FN:13,(anonymous_2)
FN:19,(anonymous_3)
FN:25,(anonymous_4)
FN:31,(anonymous_5)
FN:43,(anonymous_6)
FN:54,(anonymous_7)
FN:65,(anonymous_8)
FN:76,(anonymous_9)
FNF:10
FNH:10
FNDA:17,(anonymous_0)
FNDA:1,(anonymous_1)
FNDA:1,(anonymous_2)
FNDA:1,(anonymous_3)
FNDA:1,(anonymous_4)
FNDA:2,(anonymous_5)
FNDA:2,(anonymous_6)
FNDA:2,(anonymous_7)
FNDA:2,(anonymous_8)
FNDA:2,(anonymous_9)
DA:3,17
DA:4,17
DA:8,1
DA:9,1
DA:14,1
DA:15,1
DA:20,1
DA:21,1
DA:26,1
DA:27,1
DA:32,2
DA:33,2
DA:34,2
DA:35,2
DA:36,1
DA:37,1
DA:40,1
DA:44,2
DA:45,2
DA:46,2
DA:47,2
DA:48,1
DA:49,1
DA:51,1
DA:55,2
DA:56,2
DA:57,2
DA:58,2
DA:59,1
DA:60,1
DA:62,1
DA:66,2
DA:67,2
DA:68,2
DA:69,2
DA:70,1
DA:71,1
DA:73,1
DA:77,2
DA:78,2
DA:79,2
DA:80,2
DA:81,1
DA:82,1
DA:84,1
DA:93,2
DA:101,2
DA:109,2
DA:117,2
DA:125,2
LF:50
LH:50
BRDA:35,0,0,1
BRDA:35,0,1,1
BRDA:47,1,0,1
BRDA:47,1,1,1
BRDA:58,2,0,1
BRDA:58,2,1,1
BRDA:69,3,0,1
BRDA:69,3,1,1
BRDA:80,4,0,1
BRDA:80,4,1,1
BRF:10
BRH:10
end_of_record
